mode: set
github.com/mfrachet/go-vdom-wasm/helpers/math.go:3.28,4.11 1 1
github.com/mfrachet/go-vdom-wasm/helpers/math.go:8.2,8.10 1 1
github.com/mfrachet/go-vdom-wasm/helpers/math.go:4.11,6.3 1 1
github.com/mfrachet/go-vdom-wasm/helpers/utils.go:7.39,8.21 1 1
github.com/mfrachet/go-vdom-wasm/helpers/utils.go:12.2,12.42 1 1
github.com/mfrachet/go-vdom-wasm/helpers/utils.go:8.21,10.3 1 1
github.com/mfrachet/go-vdom-wasm/helpers/utils.go:15.40,17.2 1 1
github.com/mfrachet/go-vdom-wasm/vnode.go:36.125,38.2 1 1
github.com/mfrachet/go-vdom-wasm/vnode.go:40.45,44.39 3 1
github.com/mfrachet/go-vdom-wasm/vnode.go:48.2,48.27 1 1
github.com/mfrachet/go-vdom-wasm/vnode.go:56.2,56.33 1 1
github.com/mfrachet/go-vdom-wasm/vnode.go:61.2,61.14 1 1
github.com/mfrachet/go-vdom-wasm/vnode.go:44.39,46.3 1 1
github.com/mfrachet/go-vdom-wasm/vnode.go:48.27,49.33 1 1
github.com/mfrachet/go-vdom-wasm/vnode.go:53.3,53.15 1 1
github.com/mfrachet/go-vdom-wasm/vnode.go:49.33,51.4 1 1
github.com/mfrachet/go-vdom-wasm/vnode.go:56.33,59.3 2 1
github.com/mfrachet/go-vdom-wasm/vnode.go:64.41,66.2 1 1
github.com/mfrachet/go-vdom-wasm/vnode.go:68.45,71.18 2 1
github.com/mfrachet/go-vdom-wasm/vnode.go:75.2,75.12 1 1
github.com/mfrachet/go-vdom-wasm/vnode.go:71.18,73.3 1 1
github.com/mfrachet/go-vdom-wasm/vnode.go:78.38,79.26 1 1
github.com/mfrachet/go-vdom-wasm/vnode.go:83.2,84.13 2 1
github.com/mfrachet/go-vdom-wasm/vnode.go:79.26,81.3 1 1
github.com/mfrachet/go-vdom-wasm/vnode.go:87.41,89.2 1 1
github.com/mfrachet/go-vdom-wasm/vnode.go:91.47,93.2 1 1
github.com/mfrachet/go-vdom-wasm/vnode.go:95.39,97.2 1 1
github.com/mfrachet/go-vdom-wasm/vnode.go:99.41,101.2 1 1
github.com/mfrachet/go-vdom-wasm/vnode.go:103.39,105.2 1 1
github.com/mfrachet/go-vdom-wasm/vnode.go:107.44,109.2 1 1
github.com/mfrachet/go-vdom-wasm/vnode.go:111.53,113.2 1 1
github.com/mfrachet/go-vdom-wasm/vnode.go:115.39,117.2 1 1
github.com/mfrachet/go-vdom-wasm/attrs.go:18.36,19.22 1 1
github.com/mfrachet/go-vdom-wasm/attrs.go:23.2,23.28 1 1
github.com/mfrachet/go-vdom-wasm/attrs.go:27.2,27.29 1 1
github.com/mfrachet/go-vdom-wasm/attrs.go:31.2,31.14 1 1
github.com/mfrachet/go-vdom-wasm/attrs.go:19.22,21.3 1 1
github.com/mfrachet/go-vdom-wasm/attrs.go:23.28,25.3 1 1
github.com/mfrachet/go-vdom-wasm/attrs.go:27.29,29.3 1 1
github.com/mfrachet/go-vdom-wasm/h.go:3.52,9.31 5 1
github.com/mfrachet/go-vdom-wasm/h.go:24.2,26.71 2 1
github.com/mfrachet/go-vdom-wasm/h.go:9.31,10.25 1 1
github.com/mfrachet/go-vdom-wasm/h.go:11.15,12.44 1 1
github.com/mfrachet/go-vdom-wasm/h.go:13.22,14.31 1 1
github.com/mfrachet/go-vdom-wasm/h.go:15.15,16.32 1 1
github.com/mfrachet/go-vdom-wasm/h.go:17.12,18.30 1 1
github.com/mfrachet/go-vdom-wasm/h.go:19.11,20.31 1 1
github.com/mfrachet/go-vdom-wasm/key.go:12.40,14.2 1 1
github.com/mfrachet/go-vdom-wasm/key.go:16.35,18.2 1 1
github.com/mfrachet/go-vdom-wasm/patch.go:8.68,9.24 1 0
github.com/mfrachet/go-vdom-wasm/patch.go:9.24,11.3 1 0
github.com/mfrachet/go-vdom-wasm/patch.go:11.8,11.31 1 0
github.com/mfrachet/go-vdom-wasm/patch.go:11.31,15.3 2 0
github.com/mfrachet/go-vdom-wasm/patch.go:15.8,15.37 1 0
github.com/mfrachet/go-vdom-wasm/patch.go:15.37,20.3 3 0
github.com/mfrachet/go-vdom-wasm/patch.go:20.8,28.28 5 0
github.com/mfrachet/go-vdom-wasm/patch.go:28.28,33.4 3 0
github.com/mfrachet/go-vdom-wasm/patch.go:37.51,38.27 1 0
github.com/mfrachet/go-vdom-wasm/patch.go:39.14,45.31 4 0
github.com/mfrachet/go-vdom-wasm/patch.go:46.10,49.60 2 0
github.com/mfrachet/go-vdom-wasm/reconciler.go:8.52,10.2 1 1
github.com/mfrachet/go-vdom-wasm/reconciler.go:12.34,14.2 1 1
github.com/mfrachet/go-vdom-wasm/reconciler.go:16.72,18.2 1 1
github.com/mfrachet/go-vdom-wasm/reconciler.go:20.65,24.44 3 1
github.com/mfrachet/go-vdom-wasm/reconciler.go:28.2,28.48 1 1
github.com/mfrachet/go-vdom-wasm/reconciler.go:32.2,32.16 1 1
github.com/mfrachet/go-vdom-wasm/reconciler.go:24.44,26.3 1 1
github.com/mfrachet/go-vdom-wasm/reconciler.go:28.48,30.3 1 1
github.com/mfrachet/go-vdom-wasm/reconciler.go:35.54,37.26 2 0
github.com/mfrachet/go-vdom-wasm/reconciler.go:37.26,42.3 3 0
github.com/mfrachet/go-vdom-wasm/reconciler.go:42.8,43.42 1 0
github.com/mfrachet/go-vdom-wasm/reconciler.go:43.42,46.4 2 0
github.com/mfrachet/go-vdom-wasm/reconciler.go:50.67,51.24 1 1
github.com/mfrachet/go-vdom-wasm/reconciler.go:55.2,60.19 4 0
github.com/mfrachet/go-vdom-wasm/reconciler.go:51.24,53.3 1 1
github.com/mfrachet/go-vdom-wasm/textnode.go:12.42,14.2 1 1
github.com/mfrachet/go-vdom-wasm/textnode.go:16.53,18.2 1 1
github.com/mfrachet/go-vdom-wasm/textnode.go:20.45,22.2 1 1
github.com/mfrachet/go-vdom-wasm/textnode.go:24.59,26.2 1 1
github.com/mfrachet/go-vdom-wasm/textnode.go:28.56,31.2 1 1
