mode: set
github.com/mfrachet/go-vdom-wasm/helpers/math.go:3.28,4.11 1 1
github.com/mfrachet/go-vdom-wasm/helpers/math.go:8.2,8.10 1 1
github.com/mfrachet/go-vdom-wasm/helpers/math.go:4.11,6.3 1 1
github.com/mfrachet/go-vdom-wasm/helpers/utils.go:7.39,8.21 1 1
github.com/mfrachet/go-vdom-wasm/helpers/utils.go:12.2,12.42 1 1
github.com/mfrachet/go-vdom-wasm/helpers/utils.go:8.21,10.3 1 1
github.com/mfrachet/go-vdom-wasm/helpers/utils.go:15.40,17.2 1 1
github.com/mfrachet/go-vdom-wasm/patch.go:8.68,9.24 1 0
github.com/mfrachet/go-vdom-wasm/patch.go:9.24,11.3 1 0
github.com/mfrachet/go-vdom-wasm/patch.go:11.8,11.31 1 0
github.com/mfrachet/go-vdom-wasm/patch.go:11.31,15.3 2 0
github.com/mfrachet/go-vdom-wasm/patch.go:15.8,15.37 1 0
github.com/mfrachet/go-vdom-wasm/patch.go:15.37,20.3 3 0
github.com/mfrachet/go-vdom-wasm/patch.go:20.8,28.28 5 0
github.com/mfrachet/go-vdom-wasm/patch.go:28.28,33.4 3 0
github.com/mfrachet/go-vdom-wasm/patch.go:37.51,38.27 1 0
github.com/mfrachet/go-vdom-wasm/patch.go:39.14,45.31 4 0
github.com/mfrachet/go-vdom-wasm/patch.go:46.10,49.60 2 0
github.com/mfrachet/go-vdom-wasm/reconciler.go:8.52,10.2 1 1
github.com/mfrachet/go-vdom-wasm/reconciler.go:12.34,14.2 1 1
github.com/mfrachet/go-vdom-wasm/reconciler.go:16.71,18.2 1 1
github.com/mfrachet/go-vdom-wasm/reconciler.go:20.65,24.44 3 1
github.com/mfrachet/go-vdom-wasm/reconciler.go:28.2,28.48 1 1
github.com/mfrachet/go-vdom-wasm/reconciler.go:32.2,32.16 1 1
github.com/mfrachet/go-vdom-wasm/reconciler.go:24.44,26.3 1 1
github.com/mfrachet/go-vdom-wasm/reconciler.go:28.48,30.3 1 1
github.com/mfrachet/go-vdom-wasm/reconciler.go:35.54,37.26 2 0
github.com/mfrachet/go-vdom-wasm/reconciler.go:37.26,42.3 3 0
github.com/mfrachet/go-vdom-wasm/reconciler.go:42.8,43.42 1 0
github.com/mfrachet/go-vdom-wasm/reconciler.go:43.42,46.4 2 0
github.com/mfrachet/go-vdom-wasm/reconciler.go:50.67,51.24 1 0
github.com/mfrachet/go-vdom-wasm/reconciler.go:55.2,60.19 4 0
github.com/mfrachet/go-vdom-wasm/reconciler.go:51.24,53.3 1 0
github.com/mfrachet/go-vdom-wasm/textnode.go:12.59,14.2 1 1
github.com/mfrachet/go-vdom-wasm/textnode.go:16.56,18.2 1 1
github.com/mfrachet/go-vdom-wasm/vnode.go:21.119,23.2 1 1
github.com/mfrachet/go-vdom-wasm/vnode.go:25.45,29.39 3 1
github.com/mfrachet/go-vdom-wasm/vnode.go:33.2,33.27 1 1
github.com/mfrachet/go-vdom-wasm/vnode.go:41.2,41.33 1 1
github.com/mfrachet/go-vdom-wasm/vnode.go:46.2,46.14 1 1
github.com/mfrachet/go-vdom-wasm/vnode.go:29.39,31.3 1 1
github.com/mfrachet/go-vdom-wasm/vnode.go:33.27,34.33 1 1
github.com/mfrachet/go-vdom-wasm/vnode.go:38.3,38.15 1 1
github.com/mfrachet/go-vdom-wasm/vnode.go:34.33,36.4 1 1
github.com/mfrachet/go-vdom-wasm/vnode.go:41.33,44.3 2 1
github.com/mfrachet/go-vdom-wasm/vnode.go:49.41,51.2 1 1
github.com/mfrachet/go-vdom-wasm/vnode.go:53.45,56.18 2 1
github.com/mfrachet/go-vdom-wasm/vnode.go:60.2,60.12 1 1
github.com/mfrachet/go-vdom-wasm/vnode.go:56.18,58.3 1 1
github.com/mfrachet/go-vdom-wasm/vnode.go:63.38,65.2 1 1
github.com/mfrachet/go-vdom-wasm/vnode.go:67.41,69.2 1 1
github.com/mfrachet/go-vdom-wasm/vnode.go:71.47,73.2 1 1
github.com/mfrachet/go-vdom-wasm/vnode.go:75.39,77.2 1 1
github.com/mfrachet/go-vdom-wasm/vnode.go:79.41,81.2 1 1
github.com/mfrachet/go-vdom-wasm/vnode.go:83.39,85.2 1 1
github.com/mfrachet/go-vdom-wasm/vnode.go:87.44,89.2 1 1
github.com/mfrachet/go-vdom-wasm/vnode.go:91.53,93.2 1 1
github.com/mfrachet/go-vdom-wasm/vnode.go:95.39,97.2 1 1
github.com/mfrachet/go-vdom-wasm/attrs.go:18.36,19.22 1 1
github.com/mfrachet/go-vdom-wasm/attrs.go:23.2,23.28 1 1
github.com/mfrachet/go-vdom-wasm/attrs.go:27.2,27.29 1 1
github.com/mfrachet/go-vdom-wasm/attrs.go:31.2,31.14 1 1
github.com/mfrachet/go-vdom-wasm/attrs.go:19.22,21.3 1 1
github.com/mfrachet/go-vdom-wasm/attrs.go:23.28,25.3 1 1
github.com/mfrachet/go-vdom-wasm/attrs.go:27.29,29.3 1 1
github.com/mfrachet/go-vdom-wasm/h.go:3.83,7.22 3 1
github.com/mfrachet/go-vdom-wasm/h.go:11.2,11.27 1 1
github.com/mfrachet/go-vdom-wasm/h.go:7.22,9.3 1 1
github.com/mfrachet/go-vdom-wasm/h.go:12.14,13.94 1 1
github.com/mfrachet/go-vdom-wasm/h.go:14.10,15.78 1 1
